android_kankan/app/build/outputs/logs/manifest-merger-debug-report.txt
-- Merging decision tree log ---
manifest
ADDED from src\main\AndroidManifest.xml:1:1-147:12
	package
		ADDED from src\main\AndroidManifest.xml:2:5-33
		INJECTED from src\main\AndroidManifest.xml
		INJECTED from src\main\AndroidManifest.xml
	android:versionName
		ADDED from src\main\AndroidManifest.xml:4:5-32
		INJECTED from src\main\AndroidManifest.xml
		INJECTED from src\main\AndroidManifest.xml
	android:versionCode
		ADDED from src\main\AndroidManifest.xml:3:5-29
		INJECTED from src\main\AndroidManifest.xml
		INJECTED from src\main\AndroidManifest.xml
	xmlns:android
		ADDED from src\main\AndroidManifest.xml:1:11-69
supports-screens
ADDED from src\main\AndroidManifest.xml:6:5-11:39
	android:largeScreens
		ADDED from src\main\AndroidManifest.xml:8:9-36
	android:smallScreens
		ADDED from src\main\AndroidManifest.xml:11:9-36
	android:normalScreens
		ADDED from src\main\AndroidManifest.xml:9:9-37
	android:resizeable
		ADDED from src\main\AndroidManifest.xml:10:9-34
	android:anyDensity
		ADDED from src\main\AndroidManifest.xml:7:9-34
uses-sdk
ADDED from src\main\AndroidManifest.xml:13:5-43
MERGED from [com.android.support:support-v4:20.0.0] AndroidManifest.xml:16:5-42
	android:targetSdkVersion
		INJECTED from src\main\AndroidManifest.xml
		INJECTED from src\main\AndroidManifest.xml
	android:minSdkVersion
		ADDED from src\main\AndroidManifest.xml:13:15-40
		INJECTED from src\main\AndroidManifest.xml
		INJECTED from src\main\AndroidManifest.xml
uses-permission#android.permission.INTERNET
ADDED from src\main\AndroidManifest.xml:16:5-67
	android:name
		ADDED from src\main\AndroidManifest.xml:16:22-64
uses-permission#android.permission.WRITE_EXTERNAL_STORAGE
ADDED from src\main\AndroidManifest.xml:18:5-81
	android:name
		ADDED from src\main\AndroidManifest.xml:18:22-78
uses-permission#android.permission.ACCESS_NETWORK_STATE
ADDED from src\main\AndroidManifest.xml:19:5-79
	android:name
		ADDED from src\main\AndroidManifest.xml:19:22-76
uses-permission#android.permission.GET_TASKS
ADDED from src\main\AndroidManifest.xml:20:5-68
	android:name
		ADDED from src\main\AndroidManifest.xml:20:22-65
uses-permission#android.permission.CAMERA
ADDED from src\main\AndroidManifest.xml:26:5-65
	android:name
		ADDED from src\main\AndroidManifest.xml:26:22-62
uses-feature#android.hardware.camera
ADDED from src\main\AndroidManifest.xml:28:5-60
	android:name
		ADDED from src\main\AndroidManifest.xml:28:19-57
uses-permission#android.permission.WAKE_LOCK
ADDED from src\main\AndroidManifest.xml:34:5-68
	android:name
		ADDED from src\main\AndroidManifest.xml:34:22-65
uses-permission#android.permission.VIBRATE
ADDED from src\main\AndroidManifest.xml:36:5-66
	android:name
		ADDED from src\main\AndroidManifest.xml:36:22-63
uses-permission#android.permission.CALL_PHONE
ADDED from src\main\AndroidManifest.xml:38:5-69
	android:name
		ADDED from src\main\AndroidManifest.xml:38:22-66
uses-permission#android.permission.ACCESS_WIFI_STATE
ADDED from src\main\AndroidManifest.xml:40:5-76
	android:name
		ADDED from src\main\AndroidManifest.xml:40:22-73
uses-permission#android.permission.READ_PHONE_STATE
ADDED from src\main\AndroidManifest.xml:43:5-75
	android:name
		ADDED from src\main\AndroidManifest.xml:43:22-72
uses-permission#android.permission.SEND_SMS
ADDED from src\main\AndroidManifest.xml:52:5-67
	android:name
		ADDED from src\main\AndroidManifest.xml:52:22-64
uses-permission#android.permission.WRITE_SMS
ADDED from src\main\AndroidManifest.xml:53:5-68
	android:name
		ADDED from src\main\AndroidManifest.xml:53:22-65
uses-permission#android.permission.READ_SMS
ADDED from src\main\AndroidManifest.xml:54:5-67
	android:name
		ADDED from src\main\AndroidManifest.xml:54:22-64
uses-permission#com.android.launcher.permission.INSTALL_SHORTCUT
ADDED from src\main\AndroidManifest.xml:62:5-88
	android:name
		ADDED from src\main\AndroidManifest.xml:62:22-85
uses-permission#com.android.launcher.permission.UNINSTALL_SHORTCUT
ADDED from src\main\AndroidManifest.xml:63:5-90
	android:name
		ADDED from src\main\AndroidManifest.xml:63:22-87
uses-permission#android.permission.MODIFY_AUDIO_SETTINGS
ADDED from src\main\AndroidManifest.xml:68:5-80
	android:name
		ADDED from src\main\AndroidManifest.xml:68:22-77
application
ADDED from src\main\AndroidManifest.xml:70:5-145:19
MERGED from [com.android.support:support-v4:20.0.0] AndroidManifest.xml:17:5-19
	android:label
		ADDED from src\main\AndroidManifest.xml:74:9-41
	android:allowClearUserData
		ADDED from src\main\AndroidManifest.xml:72:9-42
	android:icon
		ADDED from src\main\AndroidManifest.xml:73:9-38
	android:largeHeap
		ADDED from src\main\AndroidManifest.xml:75:9-33
	android:name
		ADDED from src\main\AndroidManifest.xml:71:9-63
activity#io.dcloud.PandoraEntry
ADDED from src\main\AndroidManifest.xml:76:9-90:20
	android:screenOrientation
		ADDED from src\main\AndroidManifest.xml:82:13-45
	android:label
		ADDED from src\main\AndroidManifest.xml:80:13-45
	android:hardwareAccelerated
		ADDED from src\main\AndroidManifest.xml:79:13-47
	android:launchMode
		ADDED from src\main\AndroidManifest.xml:81:13-44
	android:windowSoftInputMode
		ADDED from src\main\AndroidManifest.xml:84:13-55
	android:configChanges
		ADDED from src\main\AndroidManifest.xml:78:13-83
	android:theme
		ADDED from src\main\AndroidManifest.xml:83:13-52
	android:name
		ADDED from src\main\AndroidManifest.xml:77:13-50
intent-filter#android.intent.action.MAIN+android.intent.category.LAUNCHER
ADDED from src\main\AndroidManifest.xml:85:13-89:29
action#android.intent.action.MAIN
ADDED from src\main\AndroidManifest.xml:86:17-69
	android:name
		ADDED from src\main\AndroidManifest.xml:86:25-66
category#android.intent.category.LAUNCHER
ADDED from src\main\AndroidManifest.xml:88:17-77
	android:name
		ADDED from src\main\AndroidManifest.xml:88:27-74
activity#io.dcloud.PandoraEntryActivity
ADDED from src\main\AndroidManifest.xml:91:9-100:20
	android:screenOrientation
		ADDED from src\main\AndroidManifest.xml:97:13-45
	android:label
		ADDED from src\main\AndroidManifest.xml:95:13-36
	android:hardwareAccelerated
		ADDED from src\main\AndroidManifest.xml:94:13-47
	android:launchMode
		ADDED from src\main\AndroidManifest.xml:96:13-44
	android:windowSoftInputMode
		ADDED from src\main\AndroidManifest.xml:99:13-55
	android:configChanges
		ADDED from src\main\AndroidManifest.xml:93:13-112
	android:theme
		ADDED from src\main\AndroidManifest.xml:98:13-47
	android:name
		ADDED from src\main\AndroidManifest.xml:92:13-58
service#io.dcloud.common.adapter.io.MiniServerService
ADDED from src\main\AndroidManifest.xml:102:9-104:39
	android:exported
		ADDED from src\main\AndroidManifest.xml:104:13-36
	android:name
		ADDED from src\main\AndroidManifest.xml:103:13-73
activity#io.dcloud.imagepick.CustomGalleryActivity
ADDED from src\main\AndroidManifest.xml:106:9-113:20
	android:name
		ADDED from src\main\AndroidManifest.xml:106:19-75
intent-filter#android.intent.category.DEFAULT+io.dcloud.ACTION_MULTIPLE_PICK+io.dcloud.ACTION_PICK
ADDED from src\main\AndroidManifest.xml:107:13-112:29
action#io.dcloud.ACTION_PICK
ADDED from src\main\AndroidManifest.xml:108:17-64
	android:name
		ADDED from src\main\AndroidManifest.xml:108:25-61
action#io.dcloud.ACTION_MULTIPLE_PICK
ADDED from src\main\AndroidManifest.xml:109:17-73
	android:name
		ADDED from src\main\AndroidManifest.xml:109:25-70
category#android.intent.category.DEFAULT
ADDED from src\main\AndroidManifest.xml:111:17-76
	android:name
		ADDED from src\main\AndroidManifest.xml:111:27-73
meta-data#WX_SECRET
ADDED from src\main\AndroidManifest.xml:116:9-118:64
	android:value
		ADDED from src\main\AndroidManifest.xml:118:13-61
	android:name
		ADDED from src\main\AndroidManifest.xml:117:13-37
meta-data#WX_APPID
ADDED from src\main\AndroidManifest.xml:119:9-121:50
	android:value
		ADDED from src\main\AndroidManifest.xml:121:13-47
	android:name
		ADDED from src\main\AndroidManifest.xml:120:13-36
activity#com.sunseer.kankan.wxapi.WXEntryActivity
ADDED from src\main\AndroidManifest.xml:123:9-136:20
	android:label
		ADDED from src\main\AndroidManifest.xml:126:13-45
	android:launchMode
		ADDED from src\main\AndroidManifest.xml:127:13-43
	android:exported
		ADDED from src\main\AndroidManifest.xml:125:13-36
	android:theme
		ADDED from src\main\AndroidManifest.xml:128:13-72
	android:name
		ADDED from src\main\AndroidManifest.xml:124:13-68
intent-filter#android.intent.action.VIEW+android.intent.category.DEFAULT
ADDED from src\main\AndroidManifest.xml:129:13-135:29
action#android.intent.action.VIEW
ADDED from src\main\AndroidManifest.xml:130:17-69
	android:name
		ADDED from src\main\AndroidManifest.xml:130:25-66
data
ADDED from src\main\AndroidManifest.xml:134:17-61
	android:scheme
		ADDED from src\main\AndroidManifest.xml:134:23-58
activity#com.sunseer.kankan.wxapi.WXPayEntryActivity
ADDED from src\main\AndroidManifest.xml:139:9-143:75
	android:launchMode
		ADDED from src\main\AndroidManifest.xml:142:13-43
	android:exported
		ADDED from src\main\AndroidManifest.xml:141:13-36
	android:theme
		ADDED from src\main\AndroidManifest.xml:143:13-72
	android:name
		ADDED from src\main\AndroidManifest.xml:140:13-71